<html>
<head>
<title>TestNG:  Test</title>
<link href="../testng.css" rel="stylesheet" type="text/css" />
<link href="../my-testng.css" rel="stylesheet" type="text/css" />

<style type="text/css">
.log { display: none;} 
.stack-trace { display: none;} 
</style>
<script type="text/javascript">
<!--
function flip(e) {
  current = e.style.display;
  if (current == 'block') {
    e.style.display = 'none';
    return 0;
  }
  else {
    e.style.display = 'block';
    return 1;
  }
}

function toggleBox(szDivId, elem, msg1, msg2)
{
  var res = -1;  if (document.getElementById) {
    res = flip(document.getElementById(szDivId));
  }
  else if (document.all) {
    // this is the way old msie versions work
    res = flip(document.all[szDivId]);
  }
  if(elem) {
    if(res == 0) elem.innerHTML = msg1; else elem.innerHTML = msg2;
  }

}

function toggleAllBoxes() {
  if (document.getElementsByTagName) {
    d = document.getElementsByTagName('div');
    for (i = 0; i < d.length; i++) {
      if (d[i].className == 'log') {
        flip(d[i]);
      }
    }
  }
}

// -->
</script>

</head>
<body>
<h2 align='center'>Test</h2><table border='1' align="center">
<tr>
<td>Tests passed/Failed/Skipped:</td><td>4/1/0</td>
</tr><tr>
<td>Started on:</td><td>Wed Mar 21 17:49:34 CST 2018</td>
</tr>
<tr><td>Total time:</td><td>21 seconds (21492 ms)</td>
</tr><tr>
<td>Included groups:</td><td></td>
</tr><tr>
<td>Excluded groups:</td><td></td>
</tr>
</table><p/>
<small><i>(Hover the method name to see the test class name)</i></small><p/>
<table width='100%' border='1' class='invocation-failed'>
<tr><td colspan='4' align='center'><b>FAILED TESTS</b></td></tr>
<tr><td><b>Test method</b></td>
<td width="30%"><b>Exception</b></td>
<td width="10%"><b>Time (seconds)</b></td>
<td><b>Instance</b></td>
</tr>
<tr>
<td title='com.test.poc.jobstreetSIT.HomePageTest.POC_JOBSTREET_HOMEPAGE_1_001_005()'><b>POC_JOBSTREET_HOMEPAGE_1_001_005</b><br>Test class: com.test.poc.jobstreetSIT.HomePageTest<br>Test method: Verify if Login successful</td>
<td><div><pre>org.openqa.selenium.WebDriverException: unknown error: Element &lt;button type=&quot;submit&quot; class=&quot;btn btn-link btn-header-login header-realign&quot; data-toggle=&quot;modal&quot; data-target=&quot;#login-panel&quot; id=&quot;header-login-button&quot; onclick=&quot;_gaq.push([&apos;_trackEvent&apos;, &apos;JSPH 2-Login&apos;, &apos;Login button (image) clicked&apos;, &apos;JSPH Landing Page&apos;]);return false;&quot;&gt;...&lt;/button&gt; is not clickable at point (1287, 27). Other element would receive the click: &lt;div class=&quot;modal fade in&quot; id=&quot;signup-panel&quot; role=&quot;dialog&quot; aria-labelledby=&quot;myModalLabel&quot; aria-hidden=&quot;false&quot; data-backdrop=&quot;static&quot; data-keyboard=&quot;false&quot; style=&quot;display: block;&quot;&gt;...&lt;/div&gt;
  (Session info: chrome=64.0.3282.186)
  (Driver info: chromedriver=2.33.506120 (e3e53437346286c0bc2d2dc9aa4915ba81d9023f),platform=Windows NT 10.0.14393 x86_64) (WARNING: The server did not provide any stacktrace information)
Command duration or timeout: 33 milliseconds
Build info: version: &apos;3.4.0&apos;, revision: &apos;unknown&apos;, time: &apos;unknown&apos;
System info: host: &apos;SUEC-73103T7-LX&apos;, ip: &apos;192.168.0.18&apos;, os.name: &apos;Windows 10&apos;, os.arch: &apos;x86&apos;, os.version: &apos;10.0&apos;, java.version: &apos;1.8.0_111&apos;
Driver info: org.openqa.selenium.chrome.ChromeDriver
Capabilities [{applicationCacheEnabled=false, rotatable=false, mobileEmulationEnabled=false, networkConnectionEnabled=false, chrome={chromedriverVersion=2.33.506120 (e3e53437346286c0bc2d2dc9aa4915ba81d9023f), userDataDir=C:\Users\JOEMC~1.PED\AppData\Local\Temp\scoped_dir9008_24867}, takesHeapSnapshot=true, pageLoadStrategy=normal, databaseEnabled=false, handlesAlerts=true, hasTouchScreen=false, version=64.0.3282.186, platform=XP, browserConnectionEnabled=false, nativeEvents=true, acceptSslCerts=true, locationContextEnabled=true, webStorageEnabled=true, browserName=chrome, takesScreenshot=true, javascriptEnabled=true, cssSelectorsEnabled=true, setWindowRect=true, unexpectedAlertBehaviour=}]
Session ID: 4b5bf929b375da91361c7a8586d9527c
	at org.openqa.selenium.remote.ErrorHandler.createThrowable(ErrorHandler.java:215)
	at org.openqa.selenium.remote.ErrorHandler.throwIfResponseFailed(ErrorHandler.java:167)
	at org.openqa.selenium.remote.RemoteWebDriver.execute(RemoteWebDriver.java:671)
	at org.openqa.selenium.remote.RemoteWebElement.execute(RemoteWebElement.java:272)
	at org.openqa.selenium.remote.RemoteWebElement.click(RemoteWebElement.java:82)
	at com.poc.jobstreet.HomePage.clickLoginLink(HomePage.java:101)
	at com.poc.jobstreet.HomePage.login(HomePage.java:89)
	at com.test.poc.jobstreetSIT.HomePageTest.POC_JOBSTREET_HOMEPAGE_1_001_005(HomePageTest.java:86)
... Removed 28 stack frames</pre></div><a href='#' onClick='toggleBox("stack-trace8341326", this, "Click to show all stack frames", "Click to hide stack frames")'>Click to show all stack frames</a>
<div class='stack-trace' id='stack-trace8341326'><pre>org.openqa.selenium.WebDriverException: unknown error: Element &lt;button type=&quot;submit&quot; class=&quot;btn btn-link btn-header-login header-realign&quot; data-toggle=&quot;modal&quot; data-target=&quot;#login-panel&quot; id=&quot;header-login-button&quot; onclick=&quot;_gaq.push([&apos;_trackEvent&apos;, &apos;JSPH 2-Login&apos;, &apos;Login button (image) clicked&apos;, &apos;JSPH Landing Page&apos;]);return false;&quot;&gt;...&lt;/button&gt; is not clickable at point (1287, 27). Other element would receive the click: &lt;div class=&quot;modal fade in&quot; id=&quot;signup-panel&quot; role=&quot;dialog&quot; aria-labelledby=&quot;myModalLabel&quot; aria-hidden=&quot;false&quot; data-backdrop=&quot;static&quot; data-keyboard=&quot;false&quot; style=&quot;display: block;&quot;&gt;...&lt;/div&gt;
  (Session info: chrome=64.0.3282.186)
  (Driver info: chromedriver=2.33.506120 (e3e53437346286c0bc2d2dc9aa4915ba81d9023f),platform=Windows NT 10.0.14393 x86_64) (WARNING: The server did not provide any stacktrace information)
Command duration or timeout: 33 milliseconds
Build info: version: &apos;3.4.0&apos;, revision: &apos;unknown&apos;, time: &apos;unknown&apos;
System info: host: &apos;SUEC-73103T7-LX&apos;, ip: &apos;192.168.0.18&apos;, os.name: &apos;Windows 10&apos;, os.arch: &apos;x86&apos;, os.version: &apos;10.0&apos;, java.version: &apos;1.8.0_111&apos;
Driver info: org.openqa.selenium.chrome.ChromeDriver
Capabilities [{applicationCacheEnabled=false, rotatable=false, mobileEmulationEnabled=false, networkConnectionEnabled=false, chrome={chromedriverVersion=2.33.506120 (e3e53437346286c0bc2d2dc9aa4915ba81d9023f), userDataDir=C:\Users\JOEMC~1.PED\AppData\Local\Temp\scoped_dir9008_24867}, takesHeapSnapshot=true, pageLoadStrategy=normal, databaseEnabled=false, handlesAlerts=true, hasTouchScreen=false, version=64.0.3282.186, platform=XP, browserConnectionEnabled=false, nativeEvents=true, acceptSslCerts=true, locationContextEnabled=true, webStorageEnabled=true, browserName=chrome, takesScreenshot=true, javascriptEnabled=true, cssSelectorsEnabled=true, setWindowRect=true, unexpectedAlertBehaviour=}]
Session ID: 4b5bf929b375da91361c7a8586d9527c
	at sun.reflect.NativeConstructorAccessorImpl.newInstance0(Native Method)
	at sun.reflect.NativeConstructorAccessorImpl.newInstance(NativeConstructorAccessorImpl.java:62)
	at sun.reflect.DelegatingConstructorAccessorImpl.newInstance(DelegatingConstructorAccessorImpl.java:45)
	at java.lang.reflect.Constructor.newInstance(Constructor.java:423)
	at org.openqa.selenium.remote.ErrorHandler.createThrowable(ErrorHandler.java:215)
	at org.openqa.selenium.remote.ErrorHandler.throwIfResponseFailed(ErrorHandler.java:167)
	at org.openqa.selenium.remote.RemoteWebDriver.execute(RemoteWebDriver.java:671)
	at org.openqa.selenium.remote.RemoteWebElement.execute(RemoteWebElement.java:272)
	at org.openqa.selenium.remote.RemoteWebElement.click(RemoteWebElement.java:82)
	at com.poc.jobstreet.HomePage.clickLoginLink(HomePage.java:101)
	at com.poc.jobstreet.HomePage.login(HomePage.java:89)
	at com.test.poc.jobstreetSIT.HomePageTest.POC_JOBSTREET_HOMEPAGE_1_001_005(HomePageTest.java:86)
	at sun.reflect.NativeMethodAccessorImpl.invoke0(Native Method)
	at sun.reflect.NativeMethodAccessorImpl.invoke(NativeMethodAccessorImpl.java:62)
	at sun.reflect.DelegatingMethodAccessorImpl.invoke(DelegatingMethodAccessorImpl.java:43)
	at java.lang.reflect.Method.invoke(Method.java:498)
	at org.testng.internal.MethodInvocationHelper.invokeMethod(MethodInvocationHelper.java:86)
	at org.testng.internal.Invoker.invokeMethod(Invoker.java:643)
	at org.testng.internal.Invoker.invokeTestMethod(Invoker.java:820)
	at org.testng.internal.Invoker.invokeTestMethods(Invoker.java:1128)
	at org.testng.internal.TestMethodWorker.invokeTestMethods(TestMethodWorker.java:129)
	at org.testng.internal.TestMethodWorker.run(TestMethodWorker.java:112)
	at org.testng.TestRunner.privateRun(TestRunner.java:782)
	at org.testng.TestRunner.run(TestRunner.java:632)
	at org.testng.SuiteRunner.runTest(SuiteRunner.java:366)
	at org.testng.SuiteRunner.runSequentially(SuiteRunner.java:361)
	at org.testng.SuiteRunner.privateRun(SuiteRunner.java:319)
	at org.testng.SuiteRunner.run(SuiteRunner.java:268)
	at org.testng.SuiteRunnerWorker.runSuite(SuiteRunnerWorker.java:52)
	at org.testng.SuiteRunnerWorker.run(SuiteRunnerWorker.java:86)
	at org.testng.TestNG.runSuitesSequentially(TestNG.java:1244)
	at org.testng.TestNG.runSuitesLocally(TestNG.java:1169)
	at org.testng.TestNG.run(TestNG.java:1064)
	at org.testng.remote.AbstractRemoteTestNG.run(AbstractRemoteTestNG.java:132)
	at org.testng.remote.RemoteTestNG.initAndRun(RemoteTestNG.java:230)
	at org.testng.remote.RemoteTestNG.main(RemoteTestNG.java:76)
</pre></div></td>
<td>0</td>
<td>com.test.poc.jobstreetSIT.HomePageTest@1ec78b9</td></tr>
</table><p>
<table width='100%' border='1' class='invocation-passed'>
<tr><td colspan='4' align='center'><b>PASSED TESTS</b></td></tr>
<tr><td><b>Test method</b></td>
<td width="30%"><b>Exception</b></td>
<td width="10%"><b>Time (seconds)</b></td>
<td><b>Instance</b></td>
</tr>
<tr>
<td title='com.test.poc.jobstreetSIT.HomePageTest.POC_JOBSTREET_HOMEPAGE_1_001_001()'><b>POC_JOBSTREET_HOMEPAGE_1_001_001</b><br>Test class: com.test.poc.jobstreetSIT.HomePageTest<br>Test method: Access home page</td>
<td></td>
<td>0</td>
<td>com.test.poc.jobstreetSIT.HomePageTest@1ec78b9</td></tr>
<tr>
<td title='com.test.poc.jobstreetSIT.HomePageTest.POC_JOBSTREET_HOMEPAGE_1_001_002()'><b>POC_JOBSTREET_HOMEPAGE_1_001_002</b><br>Test class: com.test.poc.jobstreetSIT.HomePageTest<br>Test method: Verify login link is displayed</td>
<td></td>
<td>0</td>
<td>com.test.poc.jobstreetSIT.HomePageTest@1ec78b9</td></tr>
<tr>
<td title='com.test.poc.jobstreetSIT.HomePageTest.POC_JOBSTREET_HOMEPAGE_1_001_003()'><b>POC_JOBSTREET_HOMEPAGE_1_001_003</b><br>Test class: com.test.poc.jobstreetSIT.HomePageTest<br>Test method: Verify SignUp link is displayed</td>
<td></td>
<td>0</td>
<td>com.test.poc.jobstreetSIT.HomePageTest@1ec78b9</td></tr>
<tr>
<td title='com.test.poc.jobstreetSIT.HomePageTest.POC_JOBSTREET_HOMEPAGE_1_001_004()'><b>POC_JOBSTREET_HOMEPAGE_1_001_004</b><br>Test class: com.test.poc.jobstreetSIT.HomePageTest<br>Test method: Verify if SignUp successful</td>
<td></td>
<td>4</td>
<td>com.test.poc.jobstreetSIT.HomePageTest@1ec78b9</td></tr>
</table><p>
</body>
</html>