<?xml version="1.0" encoding="UTF-8"?>
<!-- Generated by org.testng.reporters.JUnitXMLReporter -->
<testsuite hostname="SUEC-73103T7-LX" name="Test" tests="5" failures="1" timestamp="21 Mar 2018 09:49:56 GMT" time="21.492" errors="0">
  <testcase name="POC_JOBSTREET_HOMEPAGE_1_001_001" time="0.03" classname="com.test.poc.jobstreetSIT.HomePageTest"/>
  <testcase name="POC_JOBSTREET_HOMEPAGE_1_001_002" time="0.057" classname="com.test.poc.jobstreetSIT.HomePageTest"/>
  <testcase name="POC_JOBSTREET_HOMEPAGE_1_001_003" time="0.058" classname="com.test.poc.jobstreetSIT.HomePageTest"/>
  <testcase name="POC_JOBSTREET_HOMEPAGE_1_001_004" time="4.232" classname="com.test.poc.jobstreetSIT.HomePageTest"/>
  <testcase name="POC_JOBSTREET_HOMEPAGE_1_001_005" time="0.539" classname="com.test.poc.jobstreetSIT.HomePageTest">
    <failure type="org.openqa.selenium.WebDriverException" message="unknown error: Element &amp;lt;button type=&amp;quot;submit&amp;quot; class=&amp;quot;btn btn-link btn-header-login header-realign&amp;quot; data-toggle=&amp;quot;modal&amp;quot; data-target=&amp;quot;#login-panel&amp;quot; id=&amp;quot;header-login-button&amp;quot; onclick=&amp;quot;_gaq.push([&amp;apos;_trackEvent&amp;apos;, &amp;apos;JSPH 2-Login&amp;apos;, &amp;apos;Login button (image) clicked&amp;apos;, &amp;apos;JSPH Landing Page&amp;apos;]);return false;&amp;quot;&amp;gt;...&amp;lt;/button&amp;gt; is not clickable at point (1287, 27). Other element would receive the click: &amp;lt;div class=&amp;quot;modal fade in&amp;quot; id=&amp;quot;signup-panel&amp;quot; role=&amp;quot;dialog&amp;quot; aria-labelledby=&amp;quot;myModalLabel&amp;quot; aria-hidden=&amp;quot;false&amp;quot; data-backdrop=&amp;quot;static&amp;quot; data-keyboard=&amp;quot;false&amp;quot; style=&amp;quot;display: block;&amp;quot;&amp;gt;...&amp;lt;/div&amp;gt;
  (Session info: chrome=64.0.3282.186)
  (Driver info: chromedriver=2.33.506120 (e3e53437346286c0bc2d2dc9aa4915ba81d9023f),platform=Windows NT 10.0.14393 x86_64) (WARNING: The server did not provide any stacktrace information)
Command duration or timeout: 33 milliseconds
Build info: version: &amp;apos;3.4.0&amp;apos;, revision: &amp;apos;unknown&amp;apos;, time: &amp;apos;unknown&amp;apos;
System info: host: &amp;apos;SUEC-73103T7-LX&amp;apos;, ip: &amp;apos;192.168.0.18&amp;apos;, os.name: &amp;apos;Windows 10&amp;apos;, os.arch: &amp;apos;x86&amp;apos;, os.version: &amp;apos;10.0&amp;apos;, java.version: &amp;apos;1.8.0_111&amp;apos;
Driver info: org.openqa.selenium.chrome.ChromeDriver
Capabilities [{applicationCacheEnabled=false, rotatable=false, mobileEmulationEnabled=false, networkConnectionEnabled=false, chrome={chromedriverVersion=2.33.506120 (e3e53437346286c0bc2d2dc9aa4915ba81d9023f), userDataDir=C:\Users\JOEMC~1.PED\AppData\Local\Temp\scoped_dir9008_24867}, takesHeapSnapshot=true, pageLoadStrategy=normal, databaseEnabled=false, handlesAlerts=true, hasTouchScreen=false, version=64.0.3282.186, platform=XP, browserConnectionEnabled=false, nativeEvents=true, acceptSslCerts=true, locationContextEnabled=true, webStorageEnabled=true, browserName=chrome, takesScreenshot=true, javascriptEnabled=true, cssSelectorsEnabled=true, setWindowRect=true, unexpectedAlertBehaviour=}]
Session ID: 4b5bf929b375da91361c7a8586d9527c">
      <![CDATA[org.openqa.selenium.WebDriverException: unknown error: Element <button type="submit" class="btn btn-link btn-header-login header-realign" data-toggle="modal" data-target="#login-panel" id="header-login-button" onclick="_gaq.push(['_trackEvent', 'JSPH 2-Login', 'Login button (image) clicked', 'JSPH Landing Page']);return false;">...</button> is not clickable at point (1287, 27). Other element would receive the click: <div class="modal fade in" id="signup-panel" role="dialog" aria-labelledby="myModalLabel" aria-hidden="false" data-backdrop="static" data-keyboard="false" style="display: block;">...</div>
  (Session info: chrome=64.0.3282.186)
  (Driver info: chromedriver=2.33.506120 (e3e53437346286c0bc2d2dc9aa4915ba81d9023f),platform=Windows NT 10.0.14393 x86_64) (WARNING: The server did not provide any stacktrace information)
Command duration or timeout: 33 milliseconds
Build info: version: '3.4.0', revision: 'unknown', time: 'unknown'
System info: host: 'SUEC-73103T7-LX', ip: '192.168.0.18', os.name: 'Windows 10', os.arch: 'x86', os.version: '10.0', java.version: '1.8.0_111'
Driver info: org.openqa.selenium.chrome.ChromeDriver
Capabilities [{applicationCacheEnabled=false, rotatable=false, mobileEmulationEnabled=false, networkConnectionEnabled=false, chrome={chromedriverVersion=2.33.506120 (e3e53437346286c0bc2d2dc9aa4915ba81d9023f), userDataDir=C:\Users\JOEMC~1.PED\AppData\Local\Temp\scoped_dir9008_24867}, takesHeapSnapshot=true, pageLoadStrategy=normal, databaseEnabled=false, handlesAlerts=true, hasTouchScreen=false, version=64.0.3282.186, platform=XP, browserConnectionEnabled=false, nativeEvents=true, acceptSslCerts=true, locationContextEnabled=true, webStorageEnabled=true, browserName=chrome, takesScreenshot=true, javascriptEnabled=true, cssSelectorsEnabled=true, setWindowRect=true, unexpectedAlertBehaviour=}]
Session ID: 4b5bf929b375da91361c7a8586d9527c
	at org.openqa.selenium.remote.ErrorHandler.createThrowable(ErrorHandler.java:215)
	at org.openqa.selenium.remote.ErrorHandler.throwIfResponseFailed(ErrorHandler.java:167)
	at org.openqa.selenium.remote.RemoteWebDriver.execute(RemoteWebDriver.java:671)
	at org.openqa.selenium.remote.RemoteWebElement.execute(RemoteWebElement.java:272)
	at org.openqa.selenium.remote.RemoteWebElement.click(RemoteWebElement.java:82)
	at com.poc.jobstreet.HomePage.clickLoginLink(HomePage.java:101)
	at com.poc.jobstreet.HomePage.login(HomePage.java:89)
	at com.test.poc.jobstreetSIT.HomePageTest.POC_JOBSTREET_HOMEPAGE_1_001_005(HomePageTest.java:86)
... Removed 28 stack frames]]>
    </failure>
  </testcase> <!-- POC_JOBSTREET_HOMEPAGE_1_001_005 -->
</testsuite> <!-- Test -->
