<?xml version="1.0" encoding="UTF-8"?>
<testsuite xmlns:xsi="http://www.w3.org/2001/XMLSchema-instance" xsi:schemaLocation="https://maven.apache.org/surefire/maven-surefire-plugin/xsd/surefire-test-report.xsd" name="TestSuite" time="63.247" tests="3" errors="0" skipped="0" failures="2">
  <properties>
    <property name="java.runtime.name" value="Java(TM) SE Runtime Environment"/>
    <property name="sun.boot.library.path" value="C:\jba\jdk-8u111\jre\bin"/>
    <property name="java.vm.version" value="25.111-b14"/>
    <property name="java.vm.vendor" value="Oracle Corporation"/>
    <property name="maven.multiModuleProjectDirectory" value="C:\Users\joe.m.c.pedrajas\git\test-automation2"/>
    <property name="java.vendor.url" value="http://java.oracle.com/"/>
    <property name="path.separator" value=";"/>
    <property name="guice.disable.misplaced.annotation.check" value="true"/>
    <property name="java.vm.name" value="Java HotSpot(TM) Client VM"/>
    <property name="file.encoding.pkg" value="sun.io"/>
    <property name="user.script" value=""/>
    <property name="user.country" value="US"/>
    <property name="sun.java.launcher" value="SUN_STANDARD"/>
    <property name="sun.os.patch.level" value=""/>
    <property name="java.vm.specification.name" value="Java Virtual Machine Specification"/>
    <property name="user.dir" value="C:\Users\joe.m.c.pedrajas\git\test-automation2"/>
    <property name="java.runtime.version" value="1.8.0_111-b14"/>
    <property name="java.awt.graphicsenv" value="sun.awt.Win32GraphicsEnvironment"/>
    <property name="java.endorsed.dirs" value="C:\jba\jdk-8u111\jre\lib\endorsed"/>
    <property name="os.arch" value="x86"/>
    <property name="java.io.tmpdir" value="C:\Users\JOEMC~1.PED\AppData\Local\Temp\"/>
    <property name="line.separator" value="&#10;"/>
    <property name="java.vm.specification.vendor" value="Oracle Corporation"/>
    <property name="user.variant" value=""/>
    <property name="os.name" value="Windows 10"/>
    <property name="classworlds.conf" value="C:\jba\workspaces\rms_ntp\.metadata\.plugins\org.eclipse.m2e.launching\launches\m2conf7259390659062860002.tmp"/>
    <property name="sun.jnu.encoding" value="Cp1252"/>
    <property name="java.library.path" value="C:\jba\jdk-8u111\bin;C:\windows\Sun\Java\bin;C:\windows\system32;C:\windows;C:\jba\jdk-8u111\bin;C:\eclipse_jba\apache-maven-3.3.9\bin;C:\eclipse_jba\tools\sonarqube-scanner-2.8\bin;C:\jba\jdk-8u111\bin;C:\jba\apache-maven-3.3.9\bin;C:\jba\tools\sonarqube-scanner-2.8\bin;C:\ProgramData\Oracle\Java\javapath;C:\windows\system32;C:\windows;C:\windows\System32\Wbem;C:\windows\System32\WindowsPowerShell\v1.0\;C:\Users\joe.m.c.pedrajas\AppData\Local\Microsoft\WindowsApps;C:\Program Files (x86)\Symantec\VIP Access Client\;C:\Users\joe.m.c.pedrajas\AppData\Local\Microsoft\WindowsApps;;."/>
    <property name="java.specification.name" value="Java Platform API Specification"/>
    <property name="java.class.version" value="52.0"/>
    <property name="sun.management.compiler" value="HotSpot Client Compiler"/>
    <property name="os.version" value="10.0"/>
    <property name="user.home" value="C:\Users\joe.m.c.pedrajas"/>
    <property name="user.timezone" value="Asia/Shanghai"/>
    <property name="java.awt.printerjob" value="sun.awt.windows.WPrinterJob"/>
    <property name="java.specification.version" value="1.8"/>
    <property name="file.encoding" value="Cp1252"/>
    <property name="user.name" value="joe.m.c.pedrajas"/>
    <property name="java.class.path" value="/C:/jba/eclipse-4.5.2/plugins/org.eclipse.m2e.maven.runtime_1.7.0.20160603-1931/jars/plexus-classworlds-2.5.2.jar"/>
    <property name="java.vm.specification.version" value="1.8"/>
    <property name="sun.arch.data.model" value="32"/>
    <property name="java.home" value="C:\jba\jdk-8u111\jre"/>
    <property name="sun.java.command" value="org.codehaus.plexus.classworlds.launcher.Launcher -B clean package"/>
    <property name="java.specification.vendor" value="Oracle Corporation"/>
    <property name="user.language" value="en"/>
    <property name="awt.toolkit" value="sun.awt.windows.WToolkit"/>
    <property name="java.vm.info" value="mixed mode"/>
    <property name="java.version" value="1.8.0_111"/>
    <property name="java.ext.dirs" value="C:\jba\jdk-8u111\jre\lib\ext;C:\windows\Sun\Java\lib\ext"/>
    <property name="sun.boot.class.path" value="C:\jba\jdk-8u111\jre\lib\resources.jar;C:\jba\jdk-8u111\jre\lib\rt.jar;C:\jba\jdk-8u111\jre\lib\sunrsasign.jar;C:\jba\jdk-8u111\jre\lib\jsse.jar;C:\jba\jdk-8u111\jre\lib\jce.jar;C:\jba\jdk-8u111\jre\lib\charsets.jar;C:\jba\jdk-8u111\jre\lib\jfr.jar;C:\jba\jdk-8u111\jre\classes"/>
    <property name="java.vendor" value="Oracle Corporation"/>
    <property name="maven.home" value="C:\Users\joe.m.c.pedrajas\git\test-automation2\EMBEDDED"/>
    <property name="file.separator" value="\"/>
    <property name="java.vendor.url.bug" value="http://bugreport.sun.com/bugreport/"/>
    <property name="sun.cpu.endian" value="little"/>
    <property name="sun.io.unicode.encoding" value="UnicodeLittle"/>
    <property name="sun.desktop" value="windows"/>
    <property name="sun.cpu.isalist" value="pentium_pro+mmx pentium_pro pentium+mmx pentium i486 i386 i86"/>
  </properties>
  <testcase name="POC_JOBSTREET_HOMEPAGE_1_001_001" classname="com.test.poc.jobstreetSIT.HomePageTest" time="0.02"/>
  <testcase name="POC_JOBSTREET_HOMEPAGE_1_001_002" classname="com.test.poc.jobstreetSIT.HomePageTest" time="0.101">
    <failure message="unknown error: call function result missing &apos;value&apos;&#10;  (Session info: chrome=65.0.3325.181)&#10;  (Driver info: chromedriver=2.33.506120 (e3e53437346286c0bc2d2dc9aa4915ba81d9023f),platform=Windows NT 10.0.14393 x86_64) (WARNING: The server did not provide any stacktrace information)&#10;Command duration or timeout: 12 milliseconds&#10;Build info: version: &apos;3.4.0&apos;, revision: &apos;unknown&apos;, time: &apos;unknown&apos;&#10;System info: host: &apos;SUEC-73103T7-LX&apos;, ip: &apos;10.225.3.48&apos;, os.name: &apos;Windows 10&apos;, os.arch: &apos;x86&apos;, os.version: &apos;10.0&apos;, java.version: &apos;1.8.0_111&apos;&#10;Driver info: org.openqa.selenium.chrome.ChromeDriver&#10;Capabilities [{applicationCacheEnabled=false, rotatable=false, mobileEmulationEnabled=false, networkConnectionEnabled=false, chrome={chromedriverVersion=2.33.506120 (e3e53437346286c0bc2d2dc9aa4915ba81d9023f), userDataDir=C:\Users\JOEMC~1.PED\AppData\Local\Temp\scoped_dir8348_11385}, takesHeapSnapshot=true, pageLoadStrategy=normal, databaseEnabled=false, handlesAlerts=true, hasTouchScreen=false, version=65.0.3325.181, platform=XP, browserConnectionEnabled=false, nativeEvents=true, acceptSslCerts=true, locationContextEnabled=true, webStorageEnabled=true, browserName=chrome, takesScreenshot=true, javascriptEnabled=true, cssSelectorsEnabled=true, setWindowRect=true, unexpectedAlertBehaviour=}]&#10;Session ID: d1d351dfcbc0e996b3251adaad670450" type="org.openqa.selenium.WebDriverException">org.openqa.selenium.WebDriverException: 
unknown error: call function result missing 'value'
  (Session info: chrome=65.0.3325.181)
  (Driver info: chromedriver=2.33.506120 (e3e53437346286c0bc2d2dc9aa4915ba81d9023f),platform=Windows NT 10.0.14393 x86_64) (WARNING: The server did not provide any stacktrace information)
Command duration or timeout: 12 milliseconds
Build info: version: '3.4.0', revision: 'unknown', time: 'unknown'
System info: host: 'SUEC-73103T7-LX', ip: '10.225.3.48', os.name: 'Windows 10', os.arch: 'x86', os.version: '10.0', java.version: '1.8.0_111'
Driver info: org.openqa.selenium.chrome.ChromeDriver
Capabilities [{applicationCacheEnabled=false, rotatable=false, mobileEmulationEnabled=false, networkConnectionEnabled=false, chrome={chromedriverVersion=2.33.506120 (e3e53437346286c0bc2d2dc9aa4915ba81d9023f), userDataDir=C:\Users\JOEMC~1.PED\AppData\Local\Temp\scoped_dir8348_11385}, takesHeapSnapshot=true, pageLoadStrategy=normal, databaseEnabled=false, handlesAlerts=true, hasTouchScreen=false, version=65.0.3325.181, platform=XP, browserConnectionEnabled=false, nativeEvents=true, acceptSslCerts=true, locationContextEnabled=true, webStorageEnabled=true, browserName=chrome, takesScreenshot=true, javascriptEnabled=true, cssSelectorsEnabled=true, setWindowRect=true, unexpectedAlertBehaviour=}]
Session ID: d1d351dfcbc0e996b3251adaad670450
	at com.test.poc.jobstreetSIT.HomePageTest.POC_JOBSTREET_HOMEPAGE_1_001_002(HomePageTest.java:62)
</failure>
    <system-out><![CDATA[2018-03-23 21:02:15 INFO  TestListener:103 - Invoked Method : takeScreenshot started.
2018-03-23 21:02:16 INFO  Utils:173 - Captured screenshot | C:\Users\joe.m.c.pedrajas\git\test-automation2\target\test-output\HomePage Test Suite\Passed\Homepage test\POC_JOBSTREET_HOMEPAGE_1_001_001.png
2018-03-23 21:02:16 INFO  TestListener:98 - Invoked Method : takeScreenshot completed.
2018-03-23 21:02:16 INFO  TestListener:103 - Invoked Method : initAssert started.
2018-03-23 21:02:16 INFO  TestListener:98 - Invoked Method : initAssert completed.
2018-03-23 21:02:16 INFO  TestListener:48 - -------------------------------------------------------
2018-03-23 21:02:16 INFO  TestListener:49 -  T E S T   N A M E : Homepage test Started.
2018-03-23 21:02:16 INFO  TestListener:50 - -------------------------------------------------------
2018-03-23 21:02:16 INFO  TestListener:103 - Invoked Method : POC_JOBSTREET_HOMEPAGE_1_001_002 started.
2018-03-23 21:02:16 INFO  BasePage:552 - Waiting for Locator to be present : By.id: header-login-button
2018-03-23 21:02:16 INFO  BasePage:559 - Moving to element: [[ChromeDriver: chrome on XP (d1d351dfcbc0e996b3251adaad670450)] -> id: header-login-button]
2018-03-23 21:02:16 INFO  TestListener:98 - Invoked Method : POC_JOBSTREET_HOMEPAGE_1_001_002 completed.
2018-03-23 21:02:16 ERROR TestListener:68 - 
]]></system-out>
  </testcase>
  <testcase name="POC_JOBSTREET_HOMEPAGE_1_001_003" classname="com.test.poc.jobstreetSIT.HomePageTest" time="0.038">
    <failure message="unknown error: call function result missing &apos;value&apos;&#10;  (Session info: chrome=65.0.3325.181)&#10;  (Driver info: chromedriver=2.33.506120 (e3e53437346286c0bc2d2dc9aa4915ba81d9023f),platform=Windows NT 10.0.14393 x86_64) (WARNING: The server did not provide any stacktrace information)&#10;Command duration or timeout: 9 milliseconds&#10;Build info: version: &apos;3.4.0&apos;, revision: &apos;unknown&apos;, time: &apos;unknown&apos;&#10;System info: host: &apos;SUEC-73103T7-LX&apos;, ip: &apos;10.225.3.48&apos;, os.name: &apos;Windows 10&apos;, os.arch: &apos;x86&apos;, os.version: &apos;10.0&apos;, java.version: &apos;1.8.0_111&apos;&#10;Driver info: org.openqa.selenium.chrome.ChromeDriver&#10;Capabilities [{applicationCacheEnabled=false, rotatable=false, mobileEmulationEnabled=false, networkConnectionEnabled=false, chrome={chromedriverVersion=2.33.506120 (e3e53437346286c0bc2d2dc9aa4915ba81d9023f), userDataDir=C:\Users\JOEMC~1.PED\AppData\Local\Temp\scoped_dir8348_11385}, takesHeapSnapshot=true, pageLoadStrategy=normal, databaseEnabled=false, handlesAlerts=true, hasTouchScreen=false, version=65.0.3325.181, platform=XP, browserConnectionEnabled=false, nativeEvents=true, acceptSslCerts=true, locationContextEnabled=true, webStorageEnabled=true, browserName=chrome, takesScreenshot=true, javascriptEnabled=true, cssSelectorsEnabled=true, setWindowRect=true, unexpectedAlertBehaviour=}]&#10;Session ID: d1d351dfcbc0e996b3251adaad670450" type="org.openqa.selenium.WebDriverException">org.openqa.selenium.WebDriverException: 
unknown error: call function result missing 'value'
  (Session info: chrome=65.0.3325.181)
  (Driver info: chromedriver=2.33.506120 (e3e53437346286c0bc2d2dc9aa4915ba81d9023f),platform=Windows NT 10.0.14393 x86_64) (WARNING: The server did not provide any stacktrace information)
Command duration or timeout: 9 milliseconds
Build info: version: '3.4.0', revision: 'unknown', time: 'unknown'
System info: host: 'SUEC-73103T7-LX', ip: '10.225.3.48', os.name: 'Windows 10', os.arch: 'x86', os.version: '10.0', java.version: '1.8.0_111'
Driver info: org.openqa.selenium.chrome.ChromeDriver
Capabilities [{applicationCacheEnabled=false, rotatable=false, mobileEmulationEnabled=false, networkConnectionEnabled=false, chrome={chromedriverVersion=2.33.506120 (e3e53437346286c0bc2d2dc9aa4915ba81d9023f), userDataDir=C:\Users\JOEMC~1.PED\AppData\Local\Temp\scoped_dir8348_11385}, takesHeapSnapshot=true, pageLoadStrategy=normal, databaseEnabled=false, handlesAlerts=true, hasTouchScreen=false, version=65.0.3325.181, platform=XP, browserConnectionEnabled=false, nativeEvents=true, acceptSslCerts=true, locationContextEnabled=true, webStorageEnabled=true, browserName=chrome, takesScreenshot=true, javascriptEnabled=true, cssSelectorsEnabled=true, setWindowRect=true, unexpectedAlertBehaviour=}]
Session ID: d1d351dfcbc0e996b3251adaad670450
	at com.test.poc.jobstreetSIT.HomePageTest.POC_JOBSTREET_HOMEPAGE_1_001_003(HomePageTest.java:67)
</failure>
    <system-out><![CDATA[2018-03-23 21:02:16 INFO  TestListener:103 - Invoked Method : takeScreenshot started.
2018-03-23 21:02:16 INFO  Utils:173 - Captured screenshot | C:\Users\joe.m.c.pedrajas\git\test-automation2\target\test-output\HomePage Test Suite\Failed\Homepage test\POC_JOBSTREET_HOMEPAGE_1_001_002.png
2018-03-23 21:02:16 INFO  TestListener:98 - Invoked Method : takeScreenshot completed.
2018-03-23 21:02:16 INFO  TestListener:103 - Invoked Method : initAssert started.
2018-03-23 21:02:16 INFO  TestListener:98 - Invoked Method : initAssert completed.
2018-03-23 21:02:16 INFO  TestListener:48 - -------------------------------------------------------
2018-03-23 21:02:16 INFO  TestListener:49 -  T E S T   N A M E : Homepage test Started.
2018-03-23 21:02:16 INFO  TestListener:50 - -------------------------------------------------------
2018-03-23 21:02:16 INFO  TestListener:103 - Invoked Method : POC_JOBSTREET_HOMEPAGE_1_001_003 started.
2018-03-23 21:02:16 INFO  BasePage:552 - Waiting for Locator to be present : By.id: header-signup-button
2018-03-23 21:02:16 INFO  BasePage:559 - Moving to element: [[ChromeDriver: chrome on XP (d1d351dfcbc0e996b3251adaad670450)] -> id: header-signup-button]
2018-03-23 21:02:16 INFO  TestListener:98 - Invoked Method : POC_JOBSTREET_HOMEPAGE_1_001_003 completed.
2018-03-23 21:02:16 ERROR TestListener:68 - 
]]></system-out>
  </testcase>
</testsuite>