<?xml version="1.0" encoding="UTF-8"?>
<testng-results skipped="0" failed="2" total="3" passed="1">
  <reporter-output>
  </reporter-output>
  <suite name="HomePage Test Suite" duration-ms="62678" started-at="2018-03-23T13:01:15Z" finished-at="2018-03-23T13:02:18Z">
    <groups>
      <group name="HomePage">
        <method signature="HomePageTest.POC_JOBSTREET_HOMEPAGE_1_001_001()[pri:0, instance:com.test.poc.jobstreetSIT.HomePageTest@1881071]" name="POC_JOBSTREET_HOMEPAGE_1_001_001" class="com.test.poc.jobstreetSIT.HomePageTest"/>
        <method signature="HomePageTest.POC_JOBSTREET_HOMEPAGE_1_001_002()[pri:0, instance:com.test.poc.jobstreetSIT.HomePageTest@1881071]" name="POC_JOBSTREET_HOMEPAGE_1_001_002" class="com.test.poc.jobstreetSIT.HomePageTest"/>
        <method signature="HomePageTest.POC_JOBSTREET_HOMEPAGE_1_001_003()[pri:0, instance:com.test.poc.jobstreetSIT.HomePageTest@1881071]" name="POC_JOBSTREET_HOMEPAGE_1_001_003" class="com.test.poc.jobstreetSIT.HomePageTest"/>
      </group> <!-- HomePage -->
    </groups>
    <test name="Homepage test" duration-ms="62678" started-at="2018-03-23T13:01:15Z" finished-at="2018-03-23T13:02:18Z">
      <class name="com.test.poc.jobstreetSIT.HomePageTest">
        <test-method status="PASS" signature="setUp(org.testng.ITestContext)[pri:0, instance:com.test.poc.jobstreetSIT.HomePageTest@1881071]" name="setUp" is-config="true" duration-ms="3767" started-at="2018-03-23T21:01:15Z" finished-at="2018-03-23T21:01:19Z">
          <params>
            <param index="0">
              <value>
                <![CDATA[org.testng.TestRunner@69fbd2]]>
              </value>
            </param>
          </params>
          <reporter-output>
          </reporter-output>
        </test-method> <!-- setUp -->
        <test-method status="PASS" signature="classInitialization()[pri:0, instance:com.test.poc.jobstreetSIT.HomePageTest@1881071]" name="classInitialization" is-config="true" duration-ms="5823" started-at="2018-03-23T21:01:19Z" finished-at="2018-03-23T21:01:24Z">
          <reporter-output>
          </reporter-output>
        </test-method> <!-- classInitialization -->
        <test-method status="PASS" signature="goToHomePage()[pri:0, instance:com.test.poc.jobstreetSIT.HomePageTest@1881071]" name="goToHomePage" is-config="true" duration-ms="50927" started-at="2018-03-23T21:01:25Z" finished-at="2018-03-23T21:02:15Z">
          <reporter-output>
          </reporter-output>
        </test-method> <!-- goToHomePage -->
        <test-method status="PASS" signature="initAssert()[pri:0, instance:com.test.poc.jobstreetSIT.HomePageTest@1881071]" name="initAssert" is-config="true" duration-ms="5" started-at="2018-03-23T21:02:15Z" finished-at="2018-03-23T21:02:15Z">
          <reporter-output>
          </reporter-output>
        </test-method> <!-- initAssert -->
        <test-method status="PASS" signature="POC_JOBSTREET_HOMEPAGE_1_001_001()[pri:0, instance:com.test.poc.jobstreetSIT.HomePageTest@1881071]" name="POC_JOBSTREET_HOMEPAGE_1_001_001" duration-ms="18" started-at="2018-03-23T21:02:15Z" description="Access home page" finished-at="2018-03-23T21:02:15Z">
          <reporter-output>
          </reporter-output>
        </test-method> <!-- POC_JOBSTREET_HOMEPAGE_1_001_001 -->
        <test-method status="PASS" signature="takeScreenshot(org.testng.ITestResult)[pri:0, instance:com.test.poc.jobstreetSIT.HomePageTest@1881071]" name="takeScreenshot" is-config="true" duration-ms="369" started-at="2018-03-23T21:02:15Z" finished-at="2018-03-23T21:02:16Z">
          <params>
            <param index="0">
              <value>
                <![CDATA[[TestResult name=POC_JOBSTREET_HOMEPAGE_1_001_001 status=SUCCESS method=HomePageTest.POC_JOBSTREET_HOMEPAGE_1_001_001()[pri:0, instance:com.test.poc.jobstreetSIT.HomePageTest@1881071] output={null}]]]>
              </value>
            </param>
          </params>
          <reporter-output>
          </reporter-output>
        </test-method> <!-- takeScreenshot -->
        <test-method status="PASS" signature="initAssert()[pri:0, instance:com.test.poc.jobstreetSIT.HomePageTest@1881071]" name="initAssert" is-config="true" duration-ms="1" started-at="2018-03-23T21:02:16Z" finished-at="2018-03-23T21:02:16Z">
          <reporter-output>
          </reporter-output>
        </test-method> <!-- initAssert -->
        <test-method status="FAIL" signature="POC_JOBSTREET_HOMEPAGE_1_001_002()[pri:0, instance:com.test.poc.jobstreetSIT.HomePageTest@1881071]" name="POC_JOBSTREET_HOMEPAGE_1_001_002" duration-ms="87" started-at="2018-03-23T21:02:16Z" description="Verify login link is displayed" finished-at="2018-03-23T21:02:16Z">
          <exception class="org.openqa.selenium.WebDriverException">
            <message>
              <![CDATA[unknown error: call function result missing 'value'
  (Session info: chrome=65.0.3325.181)
  (Driver info: chromedriver=2.33.506120 (e3e53437346286c0bc2d2dc9aa4915ba81d9023f),platform=Windows NT 10.0.14393 x86_64) (WARNING: The server did not provide any stacktrace information)
Command duration or timeout: 12 milliseconds
Build info: version: '3.4.0', revision: 'unknown', time: 'unknown'
System info: host: 'SUEC-73103T7-LX', ip: '10.225.3.48', os.name: 'Windows 10', os.arch: 'x86', os.version: '10.0', java.version: '1.8.0_111'
Driver info: org.openqa.selenium.chrome.ChromeDriver
Capabilities [{applicationCacheEnabled=false, rotatable=false, mobileEmulationEnabled=false, networkConnectionEnabled=false, chrome={chromedriverVersion=2.33.506120 (e3e53437346286c0bc2d2dc9aa4915ba81d9023f), userDataDir=C:\Users\JOEMC~1.PED\AppData\Local\Temp\scoped_dir8348_11385}, takesHeapSnapshot=true, pageLoadStrategy=normal, databaseEnabled=false, handlesAlerts=true, hasTouchScreen=false, version=65.0.3325.181, platform=XP, browserConnectionEnabled=false, nativeEvents=true, acceptSslCerts=true, locationContextEnabled=true, webStorageEnabled=true, browserName=chrome, takesScreenshot=true, javascriptEnabled=true, cssSelectorsEnabled=true, setWindowRect=true, unexpectedAlertBehaviour=}]
Session ID: d1d351dfcbc0e996b3251adaad670450]]>
            </message>
            <full-stacktrace>
              <![CDATA[org.openqa.selenium.WebDriverException: unknown error: call function result missing 'value'
  (Session info: chrome=65.0.3325.181)
  (Driver info: chromedriver=2.33.506120 (e3e53437346286c0bc2d2dc9aa4915ba81d9023f),platform=Windows NT 10.0.14393 x86_64) (WARNING: The server did not provide any stacktrace information)
Command duration or timeout: 12 milliseconds
Build info: version: '3.4.0', revision: 'unknown', time: 'unknown'
System info: host: 'SUEC-73103T7-LX', ip: '10.225.3.48', os.name: 'Windows 10', os.arch: 'x86', os.version: '10.0', java.version: '1.8.0_111'
Driver info: org.openqa.selenium.chrome.ChromeDriver
Capabilities [{applicationCacheEnabled=false, rotatable=false, mobileEmulationEnabled=false, networkConnectionEnabled=false, chrome={chromedriverVersion=2.33.506120 (e3e53437346286c0bc2d2dc9aa4915ba81d9023f), userDataDir=C:\Users\JOEMC~1.PED\AppData\Local\Temp\scoped_dir8348_11385}, takesHeapSnapshot=true, pageLoadStrategy=normal, databaseEnabled=false, handlesAlerts=true, hasTouchScreen=false, version=65.0.3325.181, platform=XP, browserConnectionEnabled=false, nativeEvents=true, acceptSslCerts=true, locationContextEnabled=true, webStorageEnabled=true, browserName=chrome, takesScreenshot=true, javascriptEnabled=true, cssSelectorsEnabled=true, setWindowRect=true, unexpectedAlertBehaviour=}]
Session ID: d1d351dfcbc0e996b3251adaad670450
	at sun.reflect.NativeConstructorAccessorImpl.newInstance0(Native Method)
	at sun.reflect.NativeConstructorAccessorImpl.newInstance(NativeConstructorAccessorImpl.java:62)
	at sun.reflect.DelegatingConstructorAccessorImpl.newInstance(DelegatingConstructorAccessorImpl.java:45)
	at java.lang.reflect.Constructor.newInstance(Constructor.java:423)
	at org.openqa.selenium.remote.ErrorHandler.createThrowable(ErrorHandler.java:215)
	at org.openqa.selenium.remote.ErrorHandler.throwIfResponseFailed(ErrorHandler.java:167)
	at org.openqa.selenium.remote.RemoteWebDriver.execute(RemoteWebDriver.java:671)
	at org.openqa.selenium.remote.RemoteWebDriver.executeScript(RemoteWebDriver.java:573)
	at com.common.BasePage.moveToElement(BasePage.java:562)
	at com.common.BasePage.waitFor(BasePage.java:546)
	at com.poc.jobstreet.HomePage.isDisplayedLoginLink(HomePage.java:37)
	at com.test.poc.jobstreetSIT.HomePageTest.POC_JOBSTREET_HOMEPAGE_1_001_002(HomePageTest.java:62)
	at sun.reflect.NativeMethodAccessorImpl.invoke0(Native Method)
	at sun.reflect.NativeMethodAccessorImpl.invoke(NativeMethodAccessorImpl.java:62)
	at sun.reflect.DelegatingMethodAccessorImpl.invoke(DelegatingMethodAccessorImpl.java:43)
	at java.lang.reflect.Method.invoke(Method.java:498)
	at org.testng.internal.MethodInvocationHelper.invokeMethod(MethodInvocationHelper.java:86)
	at org.testng.internal.Invoker.invokeMethod(Invoker.java:643)
	at org.testng.internal.Invoker.invokeTestMethod(Invoker.java:820)
	at org.testng.internal.Invoker.invokeTestMethods(Invoker.java:1128)
	at org.testng.internal.TestMethodWorker.invokeTestMethods(TestMethodWorker.java:129)
	at org.testng.internal.TestMethodWorker.run(TestMethodWorker.java:112)
	at org.testng.TestRunner.privateRun(TestRunner.java:782)
	at org.testng.TestRunner.run(TestRunner.java:632)
	at org.testng.SuiteRunner.runTest(SuiteRunner.java:366)
	at org.testng.SuiteRunner.runSequentially(SuiteRunner.java:361)
	at org.testng.SuiteRunner.privateRun(SuiteRunner.java:319)
	at org.testng.SuiteRunner.run(SuiteRunner.java:268)
	at org.testng.SuiteRunnerWorker.runSuite(SuiteRunnerWorker.java:52)
	at org.testng.SuiteRunnerWorker.run(SuiteRunnerWorker.java:86)
	at org.testng.TestNG.runSuitesSequentially(TestNG.java:1244)
	at org.testng.TestNG.runSuitesSequentially(TestNG.java:1240)
	at org.testng.TestNG.runSuitesLocally(TestNG.java:1169)
	at org.testng.TestNG.run(TestNG.java:1064)
	at org.apache.maven.surefire.testng.TestNGExecutor.run(TestNGExecutor.java:281)
	at org.apache.maven.surefire.testng.TestNGXmlTestSuite.execute(TestNGXmlTestSuite.java:75)
	at org.apache.maven.surefire.testng.TestNGProvider.invoke(TestNGProvider.java:121)
	at org.apache.maven.surefire.booter.ForkedBooter.invokeProviderInSameClassLoader(ForkedBooter.java:290)
	at org.apache.maven.surefire.booter.ForkedBooter.runSuitesInProcess(ForkedBooter.java:242)
	at org.apache.maven.surefire.booter.ForkedBooter.main(ForkedBooter.java:121)
]]>
            </full-stacktrace>
          </exception> <!-- org.openqa.selenium.WebDriverException -->
          <reporter-output>
          </reporter-output>
        </test-method> <!-- POC_JOBSTREET_HOMEPAGE_1_001_002 -->
        <test-method status="PASS" signature="takeScreenshot(org.testng.ITestResult)[pri:0, instance:com.test.poc.jobstreetSIT.HomePageTest@1881071]" name="takeScreenshot" is-config="true" duration-ms="319" started-at="2018-03-23T21:02:16Z" finished-at="2018-03-23T21:02:16Z">
          <params>
            <param index="0">
              <value>
                <![CDATA[[TestResult name=POC_JOBSTREET_HOMEPAGE_1_001_002 status=FAILURE method=HomePageTest.POC_JOBSTREET_HOMEPAGE_1_001_002()[pri:0, instance:com.test.poc.jobstreetSIT.HomePageTest@1881071] output={null}]]]>
              </value>
            </param>
          </params>
          <reporter-output>
          </reporter-output>
        </test-method> <!-- takeScreenshot -->
        <test-method status="PASS" signature="initAssert()[pri:0, instance:com.test.poc.jobstreetSIT.HomePageTest@1881071]" name="initAssert" is-config="true" duration-ms="0" started-at="2018-03-23T21:02:16Z" finished-at="2018-03-23T21:02:16Z">
          <reporter-output>
          </reporter-output>
        </test-method> <!-- initAssert -->
        <test-method status="FAIL" signature="POC_JOBSTREET_HOMEPAGE_1_001_003()[pri:0, instance:com.test.poc.jobstreetSIT.HomePageTest@1881071]" name="POC_JOBSTREET_HOMEPAGE_1_001_003" duration-ms="37" started-at="2018-03-23T21:02:16Z" description="Verify SignUp link is displayed" finished-at="2018-03-23T21:02:16Z">
          <exception class="org.openqa.selenium.WebDriverException">
            <message>
              <![CDATA[unknown error: call function result missing 'value'
  (Session info: chrome=65.0.3325.181)
  (Driver info: chromedriver=2.33.506120 (e3e53437346286c0bc2d2dc9aa4915ba81d9023f),platform=Windows NT 10.0.14393 x86_64) (WARNING: The server did not provide any stacktrace information)
Command duration or timeout: 9 milliseconds
Build info: version: '3.4.0', revision: 'unknown', time: 'unknown'
System info: host: 'SUEC-73103T7-LX', ip: '10.225.3.48', os.name: 'Windows 10', os.arch: 'x86', os.version: '10.0', java.version: '1.8.0_111'
Driver info: org.openqa.selenium.chrome.ChromeDriver
Capabilities [{applicationCacheEnabled=false, rotatable=false, mobileEmulationEnabled=false, networkConnectionEnabled=false, chrome={chromedriverVersion=2.33.506120 (e3e53437346286c0bc2d2dc9aa4915ba81d9023f), userDataDir=C:\Users\JOEMC~1.PED\AppData\Local\Temp\scoped_dir8348_11385}, takesHeapSnapshot=true, pageLoadStrategy=normal, databaseEnabled=false, handlesAlerts=true, hasTouchScreen=false, version=65.0.3325.181, platform=XP, browserConnectionEnabled=false, nativeEvents=true, acceptSslCerts=true, locationContextEnabled=true, webStorageEnabled=true, browserName=chrome, takesScreenshot=true, javascriptEnabled=true, cssSelectorsEnabled=true, setWindowRect=true, unexpectedAlertBehaviour=}]
Session ID: d1d351dfcbc0e996b3251adaad670450]]>
            </message>
            <full-stacktrace>
              <![CDATA[org.openqa.selenium.WebDriverException: unknown error: call function result missing 'value'
  (Session info: chrome=65.0.3325.181)
  (Driver info: chromedriver=2.33.506120 (e3e53437346286c0bc2d2dc9aa4915ba81d9023f),platform=Windows NT 10.0.14393 x86_64) (WARNING: The server did not provide any stacktrace information)
Command duration or timeout: 9 milliseconds
Build info: version: '3.4.0', revision: 'unknown', time: 'unknown'
System info: host: 'SUEC-73103T7-LX', ip: '10.225.3.48', os.name: 'Windows 10', os.arch: 'x86', os.version: '10.0', java.version: '1.8.0_111'
Driver info: org.openqa.selenium.chrome.ChromeDriver
Capabilities [{applicationCacheEnabled=false, rotatable=false, mobileEmulationEnabled=false, networkConnectionEnabled=false, chrome={chromedriverVersion=2.33.506120 (e3e53437346286c0bc2d2dc9aa4915ba81d9023f), userDataDir=C:\Users\JOEMC~1.PED\AppData\Local\Temp\scoped_dir8348_11385}, takesHeapSnapshot=true, pageLoadStrategy=normal, databaseEnabled=false, handlesAlerts=true, hasTouchScreen=false, version=65.0.3325.181, platform=XP, browserConnectionEnabled=false, nativeEvents=true, acceptSslCerts=true, locationContextEnabled=true, webStorageEnabled=true, browserName=chrome, takesScreenshot=true, javascriptEnabled=true, cssSelectorsEnabled=true, setWindowRect=true, unexpectedAlertBehaviour=}]
Session ID: d1d351dfcbc0e996b3251adaad670450
	at sun.reflect.NativeConstructorAccessorImpl.newInstance0(Native Method)
	at sun.reflect.NativeConstructorAccessorImpl.newInstance(NativeConstructorAccessorImpl.java:62)
	at sun.reflect.DelegatingConstructorAccessorImpl.newInstance(DelegatingConstructorAccessorImpl.java:45)
	at java.lang.reflect.Constructor.newInstance(Constructor.java:423)
	at org.openqa.selenium.remote.ErrorHandler.createThrowable(ErrorHandler.java:215)
	at org.openqa.selenium.remote.ErrorHandler.throwIfResponseFailed(ErrorHandler.java:167)
	at org.openqa.selenium.remote.RemoteWebDriver.execute(RemoteWebDriver.java:671)
	at org.openqa.selenium.remote.RemoteWebDriver.executeScript(RemoteWebDriver.java:573)
	at com.common.BasePage.moveToElement(BasePage.java:562)
	at com.common.BasePage.waitFor(BasePage.java:546)
	at com.poc.jobstreet.HomePage.isDisplayedSignUpLink(HomePage.java:42)
	at com.test.poc.jobstreetSIT.HomePageTest.POC_JOBSTREET_HOMEPAGE_1_001_003(HomePageTest.java:67)
	at sun.reflect.NativeMethodAccessorImpl.invoke0(Native Method)
	at sun.reflect.NativeMethodAccessorImpl.invoke(NativeMethodAccessorImpl.java:62)
	at sun.reflect.DelegatingMethodAccessorImpl.invoke(DelegatingMethodAccessorImpl.java:43)
	at java.lang.reflect.Method.invoke(Method.java:498)
	at org.testng.internal.MethodInvocationHelper.invokeMethod(MethodInvocationHelper.java:86)
	at org.testng.internal.Invoker.invokeMethod(Invoker.java:643)
	at org.testng.internal.Invoker.invokeTestMethod(Invoker.java:820)
	at org.testng.internal.Invoker.invokeTestMethods(Invoker.java:1128)
	at org.testng.internal.TestMethodWorker.invokeTestMethods(TestMethodWorker.java:129)
	at org.testng.internal.TestMethodWorker.run(TestMethodWorker.java:112)
	at org.testng.TestRunner.privateRun(TestRunner.java:782)
	at org.testng.TestRunner.run(TestRunner.java:632)
	at org.testng.SuiteRunner.runTest(SuiteRunner.java:366)
	at org.testng.SuiteRunner.runSequentially(SuiteRunner.java:361)
	at org.testng.SuiteRunner.privateRun(SuiteRunner.java:319)
	at org.testng.SuiteRunner.run(SuiteRunner.java:268)
	at org.testng.SuiteRunnerWorker.runSuite(SuiteRunnerWorker.java:52)
	at org.testng.SuiteRunnerWorker.run(SuiteRunnerWorker.java:86)
	at org.testng.TestNG.runSuitesSequentially(TestNG.java:1244)
	at org.testng.TestNG.runSuitesSequentially(TestNG.java:1240)
	at org.testng.TestNG.runSuitesLocally(TestNG.java:1169)
	at org.testng.TestNG.run(TestNG.java:1064)
	at org.apache.maven.surefire.testng.TestNGExecutor.run(TestNGExecutor.java:281)
	at org.apache.maven.surefire.testng.TestNGXmlTestSuite.execute(TestNGXmlTestSuite.java:75)
	at org.apache.maven.surefire.testng.TestNGProvider.invoke(TestNGProvider.java:121)
	at org.apache.maven.surefire.booter.ForkedBooter.invokeProviderInSameClassLoader(ForkedBooter.java:290)
	at org.apache.maven.surefire.booter.ForkedBooter.runSuitesInProcess(ForkedBooter.java:242)
	at org.apache.maven.surefire.booter.ForkedBooter.main(ForkedBooter.java:121)
]]>
            </full-stacktrace>
          </exception> <!-- org.openqa.selenium.WebDriverException -->
          <reporter-output>
          </reporter-output>
        </test-method> <!-- POC_JOBSTREET_HOMEPAGE_1_001_003 -->
        <test-method status="PASS" signature="takeScreenshot(org.testng.ITestResult)[pri:0, instance:com.test.poc.jobstreetSIT.HomePageTest@1881071]" name="takeScreenshot" is-config="true" duration-ms="310" started-at="2018-03-23T21:02:16Z" finished-at="2018-03-23T21:02:17Z">
          <params>
            <param index="0">
              <value>
                <![CDATA[[TestResult name=POC_JOBSTREET_HOMEPAGE_1_001_003 status=FAILURE method=HomePageTest.POC_JOBSTREET_HOMEPAGE_1_001_003()[pri:0, instance:com.test.poc.jobstreetSIT.HomePageTest@1881071] output={null}]]]>
              </value>
            </param>
          </params>
          <reporter-output>
          </reporter-output>
        </test-method> <!-- takeScreenshot -->
        <test-method status="PASS" signature="tearDown()[pri:0, instance:com.test.poc.jobstreetSIT.HomePageTest@1881071]" name="tearDown" is-config="true" duration-ms="979" started-at="2018-03-23T21:02:17Z" finished-at="2018-03-23T21:02:18Z">
          <reporter-output>
          </reporter-output>
        </test-method> <!-- tearDown -->
      </class> <!-- com.test.poc.jobstreetSIT.HomePageTest -->
    </test> <!-- Homepage test -->
  </suite> <!-- HomePage Test Suite -->
  <suite name="allSuites" duration-ms="0" started-at="2018-03-23T13:02:18Z" finished-at="2018-03-23T13:02:18Z">
    <groups>
    </groups>
  </suite> <!-- allSuites -->
</testng-results>
