2018-03-23 21:01:15 INFO  TestListener:124 - S U I T E   N A M E : HomePage Test Suite started.
2018-03-23 21:01:15 INFO  TestListener:103 - Invoked Method : setUp started.
2018-03-23 21:01:15 INFO  BaseTest:60 - -----------------------------------------------------
2018-03-23 21:01:19 INFO  BaseTest:78 - Driver : CHROME
2018-03-23 21:01:19 INFO  BaseTest:79 - Grid Execution : false
2018-03-23 21:01:19 INFO  TestListener:98 - Invoked Method : setUp completed.
2018-03-23 21:01:19 INFO  TestListener:103 - Invoked Method : classInitialization started.
2018-03-23 21:01:24 INFO  TestListener:98 - Invoked Method : classInitialization completed.
2018-03-23 21:01:25 INFO  TestListener:103 - Invoked Method : goToHomePage started.
2018-03-23 21:02:15 INFO  TestListener:98 - Invoked Method : goToHomePage completed.
2018-03-23 21:02:15 INFO  TestListener:103 - Invoked Method : initAssert started.
2018-03-23 21:02:15 INFO  TestListener:98 - Invoked Method : initAssert completed.
2018-03-23 21:02:15 INFO  TestListener:48 - -------------------------------------------------------
2018-03-23 21:02:15 INFO  TestListener:49 -  T E S T   N A M E : Homepage test Started.
2018-03-23 21:02:15 INFO  TestListener:50 - -------------------------------------------------------
2018-03-23 21:02:15 INFO  TestListener:103 - Invoked Method : POC_JOBSTREET_HOMEPAGE_1_001_001 started.
2018-03-23 21:02:15 INFO  TestListener:98 - Invoked Method : POC_JOBSTREET_HOMEPAGE_1_001_001 completed.
2018-03-23 21:02:15 ERROR TestListener:89 - 
2018-03-23 21:02:15 INFO  TestListener:103 - Invoked Method : takeScreenshot started.
2018-03-23 21:02:16 INFO  Utils:173 - Captured screenshot | C:\Users\joe.m.c.pedrajas\git\test-automation2\target\test-output\HomePage Test Suite\Passed\Homepage test\POC_JOBSTREET_HOMEPAGE_1_001_001.png
2018-03-23 21:02:16 INFO  TestListener:98 - Invoked Method : takeScreenshot completed.
2018-03-23 21:02:16 INFO  TestListener:103 - Invoked Method : initAssert started.
2018-03-23 21:02:16 INFO  TestListener:98 - Invoked Method : initAssert completed.
2018-03-23 21:02:16 INFO  TestListener:48 - -------------------------------------------------------
2018-03-23 21:02:16 INFO  TestListener:49 -  T E S T   N A M E : Homepage test Started.
2018-03-23 21:02:16 INFO  TestListener:50 - -------------------------------------------------------
2018-03-23 21:02:16 INFO  TestListener:103 - Invoked Method : POC_JOBSTREET_HOMEPAGE_1_001_002 started.
2018-03-23 21:02:16 INFO  BasePage:552 - Waiting for Locator to be present : By.id: header-login-button
2018-03-23 21:02:16 INFO  BasePage:559 - Moving to element: [[ChromeDriver: chrome on XP (d1d351dfcbc0e996b3251adaad670450)] -> id: header-login-button]
2018-03-23 21:02:16 INFO  TestListener:98 - Invoked Method : POC_JOBSTREET_HOMEPAGE_1_001_002 completed.
2018-03-23 21:02:16 ERROR TestListener:68 - 
2018-03-23 21:02:16 INFO  TestListener:103 - Invoked Method : takeScreenshot started.
2018-03-23 21:02:16 INFO  Utils:173 - Captured screenshot | C:\Users\joe.m.c.pedrajas\git\test-automation2\target\test-output\HomePage Test Suite\Failed\Homepage test\POC_JOBSTREET_HOMEPAGE_1_001_002.png
2018-03-23 21:02:16 INFO  TestListener:98 - Invoked Method : takeScreenshot completed.
2018-03-23 21:02:16 INFO  TestListener:103 - Invoked Method : initAssert started.
2018-03-23 21:02:16 INFO  TestListener:98 - Invoked Method : initAssert completed.
2018-03-23 21:02:16 INFO  TestListener:48 - -------------------------------------------------------
2018-03-23 21:02:16 INFO  TestListener:49 -  T E S T   N A M E : Homepage test Started.
2018-03-23 21:02:16 INFO  TestListener:50 - -------------------------------------------------------
2018-03-23 21:02:16 INFO  TestListener:103 - Invoked Method : POC_JOBSTREET_HOMEPAGE_1_001_003 started.
2018-03-23 21:02:16 INFO  BasePage:552 - Waiting for Locator to be present : By.id: header-signup-button
2018-03-23 21:02:16 INFO  BasePage:559 - Moving to element: [[ChromeDriver: chrome on XP (d1d351dfcbc0e996b3251adaad670450)] -> id: header-signup-button]
2018-03-23 21:02:16 INFO  TestListener:98 - Invoked Method : POC_JOBSTREET_HOMEPAGE_1_001_003 completed.
2018-03-23 21:02:16 ERROR TestListener:68 - 
2018-03-23 21:02:16 INFO  TestListener:103 - Invoked Method : takeScreenshot started.
2018-03-23 21:02:17 INFO  Utils:173 - Captured screenshot | C:\Users\joe.m.c.pedrajas\git\test-automation2\target\test-output\HomePage Test Suite\Failed\Homepage test\POC_JOBSTREET_HOMEPAGE_1_001_003.png
2018-03-23 21:02:17 INFO  TestListener:98 - Invoked Method : takeScreenshot completed.
2018-03-23 21:02:17 INFO  TestListener:103 - Invoked Method : tearDown started.
2018-03-23 21:02:18 INFO  TestListener:98 - Invoked Method : tearDown completed.
2018-03-23 21:02:18 INFO  TestListener:55 - -------------------------------------------------------
2018-03-23 21:02:18 INFO  TestListener:56 -  T E S T   N A M E : Homepage test Completed.
2018-03-23 21:02:18 INFO  TestListener:57 - -------------------------------------------------------
2018-03-23 21:02:18 INFO  TestListener:111 - S U I T E   N A M E : HomePage Test Suite completed.
2018-03-23 21:02:18 INFO  TestListener:113 - Copy logs into specific folder.
2018-03-23 21:02:18 INFO  TestListener:119 - =======================================================
2018-03-23 21:02:18 INFO  TestListener:124 - S U I T E   N A M E : allSuites started.
2018-03-23 21:02:18 INFO  TestListener:111 - S U I T E   N A M E : allSuites completed.
2018-03-23 21:02:18 INFO  TestListener:113 - Copy logs into specific folder.
2018-03-23 21:02:18 INFO  TestListener:119 - =======================================================
2018-03-23 21:02:18 INFO  TestListener:131 - -------------------------------------------------------
2018-03-23 21:02:18 INFO  TestListener:132 -  R E P O R T E R   L I S T E N E R 
2018-03-23 21:02:18 INFO  TestListener:133 - -------------------------------------------------------
2018-03-23 21:02:18 INFO  TestListener:142 - Suite : HomePage Test Suite
2018-03-23 21:02:18 INFO  TestListener:142 - Suite : allSuites
2018-03-23 21:02:18 INFO  TestListener:154 - Failure Count : 2
2018-03-23 21:02:18 INFO  TestListener:155 - Skipped Count : 0
2018-03-23 21:02:18 INFO  TestListener:156 - Passed Count  : 1
2018-03-23 21:02:18 INFO  TestListener:157 - Total Count   : 3
2018-03-23 21:02:18 INFO  TestListener:168 - Defect Logging disabled.
2018-03-23 21:02:18 INFO  TestListener:176 - JIRA status update disabled.
2018-03-23 21:02:18 INFO  TestListener:187 - -------------------------------------------------------
2018-03-23 21:03:19 INFO  TestListener:124 - S U I T E   N A M E : HomePage Test Suite started.
2018-03-23 21:03:19 INFO  TestListener:103 - Invoked Method : setUp started.
2018-03-23 21:03:19 INFO  BaseTest:60 - -----------------------------------------------------
2018-03-23 21:03:23 INFO  BaseTest:78 - Driver : CHROME
2018-03-23 21:03:23 INFO  BaseTest:79 - Grid Execution : false
2018-03-23 21:03:23 INFO  TestListener:98 - Invoked Method : setUp completed.
2018-03-23 21:03:23 INFO  TestListener:103 - Invoked Method : classInitialization started.
2018-03-23 21:03:54 INFO  TestListener:98 - Invoked Method : classInitialization completed.
2018-03-23 21:03:54 INFO  TestListener:103 - Invoked Method : goToHomePage started.
2018-03-23 21:04:58 INFO  TestListener:98 - Invoked Method : goToHomePage completed.
2018-03-23 21:04:58 INFO  TestListener:103 - Invoked Method : initAssert started.
2018-03-23 21:04:58 INFO  TestListener:98 - Invoked Method : initAssert completed.
2018-03-23 21:04:58 INFO  TestListener:48 - -------------------------------------------------------
2018-03-23 21:04:58 INFO  TestListener:49 -  T E S T   N A M E : Homepage test Started.
2018-03-23 21:04:58 INFO  TestListener:50 - -------------------------------------------------------
2018-03-23 21:04:58 INFO  TestListener:103 - Invoked Method : POC_JOBSTREET_HOMEPAGE_1_001_001 started.
2018-03-23 21:04:58 INFO  TestListener:98 - Invoked Method : POC_JOBSTREET_HOMEPAGE_1_001_001 completed.
2018-03-23 21:04:58 ERROR TestListener:68 - 
2018-03-23 21:04:58 INFO  TestListener:103 - Invoked Method : takeScreenshot started.
2018-03-23 21:04:58 ERROR Utils:175 - Unable to Capture screenshot. Browser window is closed.
org.openqa.selenium.NoSuchWindowException: no such window: target window already closed
from unknown error: web view not found
  (Session info: chrome=65.0.3325.181)
  (Driver info: chromedriver=2.33.506120 (e3e53437346286c0bc2d2dc9aa4915ba81d9023f),platform=Windows NT 10.0.14393 x86_64) (WARNING: The server did not provide any stacktrace information)
Command duration or timeout: 4 milliseconds
Build info: version: '3.4.0', revision: 'unknown', time: 'unknown'
System info: host: 'SUEC-73103T7-LX', ip: '10.225.3.48', os.name: 'Windows 10', os.arch: 'x86', os.version: '10.0', java.version: '1.8.0_111'
Driver info: org.openqa.selenium.chrome.ChromeDriver
Capabilities [{applicationCacheEnabled=false, rotatable=false, mobileEmulationEnabled=false, networkConnectionEnabled=false, chrome={chromedriverVersion=2.33.506120 (e3e53437346286c0bc2d2dc9aa4915ba81d9023f), userDataDir=C:\Users\JOEMC~1.PED\AppData\Local\Temp\scoped_dir9600_4547}, takesHeapSnapshot=true, pageLoadStrategy=normal, databaseEnabled=false, handlesAlerts=true, hasTouchScreen=false, version=65.0.3325.181, platform=XP, browserConnectionEnabled=false, nativeEvents=true, acceptSslCerts=true, locationContextEnabled=true, webStorageEnabled=true, browserName=chrome, takesScreenshot=true, javascriptEnabled=true, cssSelectorsEnabled=true, setWindowRect=true, unexpectedAlertBehaviour=}]
Session ID: ce2ba2d7d0d2781d3a0d8bbd028f83f8
	at sun.reflect.NativeConstructorAccessorImpl.newInstance0(Native Method)
	at sun.reflect.NativeConstructorAccessorImpl.newInstance(NativeConstructorAccessorImpl.java:62)
	at sun.reflect.DelegatingConstructorAccessorImpl.newInstance(DelegatingConstructorAccessorImpl.java:45)
	at java.lang.reflect.Constructor.newInstance(Constructor.java:423)
	at org.openqa.selenium.remote.ErrorHandler.createThrowable(ErrorHandler.java:215)
	at org.openqa.selenium.remote.ErrorHandler.throwIfResponseFailed(ErrorHandler.java:167)
	at org.openqa.selenium.remote.RemoteWebDriver.execute(RemoteWebDriver.java:671)
	at org.openqa.selenium.remote.RemoteWebDriver.execute(RemoteWebDriver.java:694)
	at org.openqa.selenium.remote.RemoteWebDriver.getScreenshotAs(RemoteWebDriver.java:382)
	at com.utils.Utils.captureScreenshot(Utils.java:165)
	at com.test.common.BaseTest.takeScreenshot(BaseTest.java:107)
	at sun.reflect.NativeMethodAccessorImpl.invoke0(Native Method)
	at sun.reflect.NativeMethodAccessorImpl.invoke(NativeMethodAccessorImpl.java:62)
	at sun.reflect.DelegatingMethodAccessorImpl.invoke(DelegatingMethodAccessorImpl.java:43)
	at java.lang.reflect.Method.invoke(Method.java:498)
	at org.testng.internal.MethodInvocationHelper.invokeMethod(MethodInvocationHelper.java:86)
	at org.testng.internal.Invoker.invokeConfigurationMethod(Invoker.java:514)
	at org.testng.internal.Invoker.invokeConfigurations(Invoker.java:215)
	at org.testng.internal.Invoker.invokeMethod(Invoker.java:707)
	at org.testng.internal.Invoker.invokeTestMethod(Invoker.java:820)
	at org.testng.internal.Invoker.invokeTestMethods(Invoker.java:1128)
	at org.testng.internal.TestMethodWorker.invokeTestMethods(TestMethodWorker.java:129)
	at org.testng.internal.TestMethodWorker.run(TestMethodWorker.java:112)
	at org.testng.TestRunner.privateRun(TestRunner.java:782)
	at org.testng.TestRunner.run(TestRunner.java:632)
	at org.testng.SuiteRunner.runTest(SuiteRunner.java:366)
	at org.testng.SuiteRunner.runSequentially(SuiteRunner.java:361)
	at org.testng.SuiteRunner.privateRun(SuiteRunner.java:319)
	at org.testng.SuiteRunner.run(SuiteRunner.java:268)
	at org.testng.SuiteRunnerWorker.runSuite(SuiteRunnerWorker.java:52)
	at org.testng.SuiteRunnerWorker.run(SuiteRunnerWorker.java:86)
	at org.testng.TestNG.runSuitesSequentially(TestNG.java:1244)
	at org.testng.TestNG.runSuitesSequentially(TestNG.java:1240)
	at org.testng.TestNG.runSuitesLocally(TestNG.java:1169)
	at org.testng.TestNG.run(TestNG.java:1064)
	at org.apache.maven.surefire.testng.TestNGExecutor.run(TestNGExecutor.java:281)
	at org.apache.maven.surefire.testng.TestNGXmlTestSuite.execute(TestNGXmlTestSuite.java:75)
	at org.apache.maven.surefire.testng.TestNGProvider.invoke(TestNGProvider.java:121)
	at org.apache.maven.surefire.booter.ForkedBooter.invokeProviderInSameClassLoader(ForkedBooter.java:290)
	at org.apache.maven.surefire.booter.ForkedBooter.runSuitesInProcess(ForkedBooter.java:242)
	at org.apache.maven.surefire.booter.ForkedBooter.main(ForkedBooter.java:121)
2018-03-23 21:04:58 INFO  TestListener:98 - Invoked Method : takeScreenshot completed.
2018-03-23 21:04:58 INFO  TestListener:103 - Invoked Method : initAssert started.
2018-03-23 21:04:58 INFO  TestListener:98 - Invoked Method : initAssert completed.
2018-03-23 21:04:58 INFO  TestListener:48 - -------------------------------------------------------
2018-03-23 21:04:58 INFO  TestListener:49 -  T E S T   N A M E : Homepage test Started.
2018-03-23 21:04:58 INFO  TestListener:50 - -------------------------------------------------------
2018-03-23 21:04:58 INFO  TestListener:103 - Invoked Method : POC_JOBSTREET_HOMEPAGE_1_001_002 started.
2018-03-23 21:04:58 INFO  BasePage:552 - Waiting for Locator to be present : By.id: header-login-button
2018-03-23 21:05:18 INFO  TestListener:98 - Invoked Method : POC_JOBSTREET_HOMEPAGE_1_001_002 completed.
2018-03-23 21:05:18 ERROR TestListener:68 - 
2018-03-23 21:05:18 INFO  TestListener:103 - Invoked Method : takeScreenshot started.
2018-03-23 21:05:18 ERROR Utils:175 - Unable to Capture screenshot. Browser window is closed.
org.openqa.selenium.NoSuchWindowException: no such window: target window already closed
from unknown error: web view not found
  (Session info: chrome=65.0.3325.181)
  (Driver info: chromedriver=2.33.506120 (e3e53437346286c0bc2d2dc9aa4915ba81d9023f),platform=Windows NT 10.0.14393 x86_64) (WARNING: The server did not provide any stacktrace information)
Command duration or timeout: 4 milliseconds
Build info: version: '3.4.0', revision: 'unknown', time: 'unknown'
System info: host: 'SUEC-73103T7-LX', ip: '10.225.3.48', os.name: 'Windows 10', os.arch: 'x86', os.version: '10.0', java.version: '1.8.0_111'
Driver info: org.openqa.selenium.chrome.ChromeDriver
Capabilities [{applicationCacheEnabled=false, rotatable=false, mobileEmulationEnabled=false, networkConnectionEnabled=false, chrome={chromedriverVersion=2.33.506120 (e3e53437346286c0bc2d2dc9aa4915ba81d9023f), userDataDir=C:\Users\JOEMC~1.PED\AppData\Local\Temp\scoped_dir9600_4547}, takesHeapSnapshot=true, pageLoadStrategy=normal, databaseEnabled=false, handlesAlerts=true, hasTouchScreen=false, version=65.0.3325.181, platform=XP, browserConnectionEnabled=false, nativeEvents=true, acceptSslCerts=true, locationContextEnabled=true, webStorageEnabled=true, browserName=chrome, takesScreenshot=true, javascriptEnabled=true, cssSelectorsEnabled=true, setWindowRect=true, unexpectedAlertBehaviour=}]
Session ID: ce2ba2d7d0d2781d3a0d8bbd028f83f8
	at sun.reflect.GeneratedConstructorAccessor8.newInstance(Unknown Source)
	at sun.reflect.DelegatingConstructorAccessorImpl.newInstance(DelegatingConstructorAccessorImpl.java:45)
	at java.lang.reflect.Constructor.newInstance(Constructor.java:423)
	at org.openqa.selenium.remote.ErrorHandler.createThrowable(ErrorHandler.java:215)
	at org.openqa.selenium.remote.ErrorHandler.throwIfResponseFailed(ErrorHandler.java:167)
	at org.openqa.selenium.remote.RemoteWebDriver.execute(RemoteWebDriver.java:671)
	at org.openqa.selenium.remote.RemoteWebDriver.execute(RemoteWebDriver.java:694)
	at org.openqa.selenium.remote.RemoteWebDriver.getScreenshotAs(RemoteWebDriver.java:382)
	at com.utils.Utils.captureScreenshot(Utils.java:165)
	at com.test.common.BaseTest.takeScreenshot(BaseTest.java:107)
	at sun.reflect.NativeMethodAccessorImpl.invoke0(Native Method)
	at sun.reflect.NativeMethodAccessorImpl.invoke(NativeMethodAccessorImpl.java:62)
	at sun.reflect.DelegatingMethodAccessorImpl.invoke(DelegatingMethodAccessorImpl.java:43)
	at java.lang.reflect.Method.invoke(Method.java:498)
	at org.testng.internal.MethodInvocationHelper.invokeMethod(MethodInvocationHelper.java:86)
	at org.testng.internal.Invoker.invokeConfigurationMethod(Invoker.java:514)
	at org.testng.internal.Invoker.invokeConfigurations(Invoker.java:215)
	at org.testng.internal.Invoker.invokeMethod(Invoker.java:707)
	at org.testng.internal.Invoker.invokeTestMethod(Invoker.java:820)
	at org.testng.internal.Invoker.invokeTestMethods(Invoker.java:1128)
	at org.testng.internal.TestMethodWorker.invokeTestMethods(TestMethodWorker.java:129)
	at org.testng.internal.TestMethodWorker.run(TestMethodWorker.java:112)
	at org.testng.TestRunner.privateRun(TestRunner.java:782)
	at org.testng.TestRunner.run(TestRunner.java:632)
	at org.testng.SuiteRunner.runTest(SuiteRunner.java:366)
	at org.testng.SuiteRunner.runSequentially(SuiteRunner.java:361)
	at org.testng.SuiteRunner.privateRun(SuiteRunner.java:319)
	at org.testng.SuiteRunner.run(SuiteRunner.java:268)
	at org.testng.SuiteRunnerWorker.runSuite(SuiteRunnerWorker.java:52)
	at org.testng.SuiteRunnerWorker.run(SuiteRunnerWorker.java:86)
	at org.testng.TestNG.runSuitesSequentially(TestNG.java:1244)
	at org.testng.TestNG.runSuitesSequentially(TestNG.java:1240)
	at org.testng.TestNG.runSuitesLocally(TestNG.java:1169)
	at org.testng.TestNG.run(TestNG.java:1064)
	at org.apache.maven.surefire.testng.TestNGExecutor.run(TestNGExecutor.java:281)
	at org.apache.maven.surefire.testng.TestNGXmlTestSuite.execute(TestNGXmlTestSuite.java:75)
	at org.apache.maven.surefire.testng.TestNGProvider.invoke(TestNGProvider.java:121)
	at org.apache.maven.surefire.booter.ForkedBooter.invokeProviderInSameClassLoader(ForkedBooter.java:290)
	at org.apache.maven.surefire.booter.ForkedBooter.runSuitesInProcess(ForkedBooter.java:242)
	at org.apache.maven.surefire.booter.ForkedBooter.main(ForkedBooter.java:121)
2018-03-23 21:05:18 INFO  TestListener:98 - Invoked Method : takeScreenshot completed.
2018-03-23 21:05:18 INFO  TestListener:103 - Invoked Method : initAssert started.
2018-03-23 21:05:18 INFO  TestListener:98 - Invoked Method : initAssert completed.
2018-03-23 21:05:18 INFO  TestListener:48 - -------------------------------------------------------
2018-03-23 21:05:18 INFO  TestListener:49 -  T E S T   N A M E : Homepage test Started.
2018-03-23 21:05:18 INFO  TestListener:50 - -------------------------------------------------------
2018-03-23 21:05:18 INFO  TestListener:103 - Invoked Method : POC_JOBSTREET_HOMEPAGE_1_001_003 started.
2018-03-23 21:05:18 INFO  BasePage:552 - Waiting for Locator to be present : By.id: header-signup-button
